[INFO ] 2021-04-05 14:04:25.089 [main] App - User entered the application, looking for a workout buddy...
[INFO ] 2021-04-05 14:04:33.140 [main] App - User has decided to not save data to the database and hence database is empty
[INFO ] 2021-04-05 14:07:39.932 [main] App - User entered the application, looking for a workout buddy...
[INFO ] 2021-04-05 14:07:45.580 [main] ProcessData - User found a desired workout for this week
[INFO ] 2021-04-05 14:07:50.450 [main] App - User has decided to not save data to the database and hence database is empty
[INFO ] 2021-04-05 14:13:07.676 [main] App - User entered the application, looking for a workout buddy...
[INFO ] 2021-04-05 14:13:16.053 [main] ProcessData - User found a desired workout for this week
[INFO ] 2021-04-05 14:13:16.054 [main] UserDatabaseAccess - Opening connection to the database...
[INFO ] 2021-04-05 14:13:29.451 [main] App - User has requested data to be entered and stored into the database:
[INFO ] 2021-04-05 14:13:29.453 [main] UserDatabaseAccess - Opening connection to the database...
[INFO ] 2021-04-05 14:13:29.485 [main] UserDatabaseAccess - Opening connection to the database...
[INFO ] 2021-04-05 14:13:29.696 [main] UserDatabaseAccess - Opening connection to the database...
[INFO ] 2021-04-05 14:13:29.735 [main] UserDatabaseAccess - Opening connection to the database...
[INFO ] 2021-04-05 14:15:43.582 [main] App - User entered the application, looking for a workout buddy...
[INFO ] 2021-04-05 14:15:50.568 [main] ProcessData - User found a desired workout for this week
[INFO ] 2021-04-05 14:15:50.569 [main] UserDatabaseAccess - Opening connection to the database...
[INFO ] 2021-04-05 14:15:57.737 [main] App - User has requested data to be entered and stored into the database:
[INFO ] 2021-04-05 14:15:57.739 [main] UserDatabaseAccess - Opening connection to the database...
[INFO ] 2021-04-05 14:15:57.776 [main] UserDatabaseAccess - Opening connection to the database...
[INFO ] 2021-04-05 14:15:58.052 [main] UserDatabaseAccess - Opening connection to the database...
[INFO ] 2021-04-05 14:15:58.090 [main] UserDatabaseAccess - Opening connection to the database...
[INFO ] 2021-04-05 14:16:22.310 [main] App - User entered the application, looking for a workout buddy...
[INFO ] 2021-04-05 14:16:29.250 [main] ProcessData - User found a desired workout for this week
[INFO ] 2021-04-05 14:16:29.251 [main] UserDatabaseAccess - Opening connection to the database...
[INFO ] 2021-04-05 14:16:44.723 [main] App - User has requested data to be entered and stored into the database:
[INFO ] 2021-04-05 14:16:44.724 [main] UserDatabaseAccess - Opening connection to the database...
[INFO ] 2021-04-05 14:16:44.753 [main] UserDatabaseAccess - Opening connection to the database...
[INFO ] 2021-04-05 14:16:44.995 [main] UserDatabaseAccess - Opening connection to the database...
[INFO ] 2021-04-05 14:16:45.047 [main] UserDatabaseAccess - Opening connection to the database...
[INFO ] 2021-04-05 14:22:35.800 [main] App - User entered the application, looking for a workout buddy...
[INFO ] 2021-04-05 14:23:11.089 [main] ProcessData - User found a desired workout for this week
[INFO ] 2021-04-05 14:23:11.090 [main] UserDatabaseAccess - Opening connection to the database...
[INFO ] 2021-04-05 14:23:18.614 [main] App - User has requested data to be entered and stored into the database:
[INFO ] 2021-04-05 14:23:18.616 [main] UserDatabaseAccess - Opening connection to the database...
[INFO ] 2021-04-05 14:23:18.649 [main] UserDatabaseAccess - Opening connection to the database...
[INFO ] 2021-04-05 14:23:18.872 [main] UserDatabaseAccess - Opening connection to the database...
[INFO ] 2021-04-05 14:23:18.924 [main] UserDatabaseAccess - Opening connection to the database...
[INFO ] 2021-04-05 14:27:10.067 [main] App - User entered the application, looking for a workout buddy...
[INFO ] 2021-04-05 14:27:16.854 [main] ProcessData - No workout found for the user during this session
[INFO ] 2021-04-05 14:27:16.856 [main] UserDatabaseAccess - Opening connection to the database...
[INFO ] 2021-04-05 14:27:19.317 [main] App - User has decided to not save data to the database and hence database is empty
[INFO ] 2021-04-05 14:27:24.332 [main] App - User entered the application, looking for a workout buddy...
[INFO ] 2021-04-05 14:27:32.841 [main] UserDatabaseAccess - Opening connection to the database...
[INFO ] 2021-04-05 14:30:57.289 [main] App - User entered the application, looking for a workout buddy...
[INFO ] 2021-04-05 14:31:03.597 [main] ProcessData - User found a desired workout for this week
[ERROR] 2021-04-05 14:31:03.599 [main] ProcessData - User entered wrong choices, application crashed
[INFO ] 2021-04-05 14:31:03.603 [main] UserDatabaseAccess - Opening connection to the database...
[INFO ] 2021-04-05 14:31:05.628 [main] App - User has decided to not save data to the database and hence database is empty
[INFO ] 2021-04-05 14:32:31.814 [main] App - User entered the application, looking for a workout buddy...
[INFO ] 2021-04-05 14:32:39.697 [main] ProcessData - User found a desired workout for this week
[INFO ] 2021-04-05 14:32:39.699 [main] UserDatabaseAccess - Opening connection to the database...
[INFO ] 2021-04-05 14:32:41.303 [main] App - User has decided to not save data to the database and hence database is empty
[INFO ] 2021-04-05 14:32:56.471 [main] App - User entered the application, looking for a workout buddy...
[INFO ] 2021-04-05 14:33:12.781 [main] App - User entered the application, looking for a workout buddy...
[INFO ] 2021-04-05 14:33:18.978 [main] ProcessData - User found a desired workout for this week
[INFO ] 2021-04-05 14:33:18.980 [main] UserDatabaseAccess - Opening connection to the database...
[INFO ] 2021-04-05 14:33:22.927 [main] App - User has decided to not save data to the database and hence database is empty
[INFO ] 2021-04-05 14:33:28.295 [main] App - User entered the application, looking for a workout buddy...
[ERROR] 2021-04-05 14:33:33.325 [main] ProcessData - User entered wrong choices, application crashed
[INFO ] 2021-04-05 14:33:33.330 [main] UserDatabaseAccess - Opening connection to the database...
[INFO ] 2021-04-05 14:33:55.890 [main] App - User has decided to not save data to the database and hence database is empty
[INFO ] 2021-04-05 14:35:16.749 [main] App - User entered the application, looking for a workout buddy...
[ERROR] 2021-04-05 14:35:20.606 [main] ProcessData - User entered wrong choices, application crashed
[INFO ] 2021-04-05 14:35:58.055 [main] App - User entered the application, looking for a workout buddy...
[ERROR] 2021-04-05 14:36:02.008 [main] ProcessData - User entered wrong/invalid choices, application crashed
[INFO ] 2021-04-05 15:04:37.257 [main] App - User entered the application, looking for a workout buddy...
[INFO ] 2021-04-05 15:04:42.653 [main] ProcessData - User found a desired workout for this week
[INFO ] 2021-04-05 15:04:42.654 [main] UserDatabaseAccess - Opening connection to the database...
[INFO ] 2021-04-05 15:04:46.522 [main] App - User has requested data to be entered and stored into the database:
[INFO ] 2021-04-05 15:04:46.524 [main] UserDatabaseAccess - Opening connection to the database...
[INFO ] 2021-04-05 15:04:46.554 [main] UserDatabaseAccess - Opening connection to the database...
[INFO ] 2021-04-05 15:04:46.783 [main] UserDatabaseAccess - Opening connection to the database...
[INFO ] 2021-04-05 15:04:46.830 [main] UserDatabaseAccess - Opening connection to the database...
